<?xml version="1.0" encoding="UTF-8"?>
<testsuite name="demo.base.BaseDemoTest" tests="1" skipped="0" failures="0" errors="0" timestamp="2022-06-23T04:12:42" hostname="LAPTOP-49HTG30O" time="0.008">
  <properties/>
  <testcase name="should_return_true_sum2()" classname="demo.base.BaseDemoTest" time="0.008"/>
  <system-out><![CDATA[]]></system-out>
  <system-err><![CDATA[]]></system-err>
</testsuite>
